[debug] [2026-02-21T15:47:27.964Z] ----------------------------------------------------------------------
[debug] [2026-02-21T15:47:27.965Z] Command:       C:\Program Files\nodejs\node.exe C:\Users\anhvt\AppData\Roaming\npm\node_modules\firebase-tools\lib\bin\firebase.js serve --only hosting --project web-message-e1dc4
[debug] [2026-02-21T15:47:27.965Z] CLI Version:   15.7.0
[debug] [2026-02-21T15:47:27.966Z] Platform:      win32
[debug] [2026-02-21T15:47:27.966Z] Node Version:  v22.20.0
[debug] [2026-02-21T15:47:27.966Z] Time:          Sat Feb 21 2026 22:47:27 GMT+0700 (Indochina Time)
[debug] [2026-02-21T15:47:27.966Z] ----------------------------------------------------------------------
[debug] 
[debug] [2026-02-21T15:47:28.791Z] Object "/storage" in "firebase.json" has unknown property: {"additionalProperty":"bucket"}
[debug] [2026-02-21T15:47:28.791Z] Field "/storage" in "firebase.json" is possibly invalid: must be array
[debug] [2026-02-21T15:47:28.791Z] Field "/storage" in "firebase.json" is possibly invalid: must match a schema in anyOf
[debug] [2026-02-21T15:47:28.794Z] > command requires scopes: ["email","openid","https://www.googleapis.com/auth/cloudplatformprojects.readonly","https://www.googleapis.com/auth/firebase","https://www.googleapis.com/auth/cloud-platform"]
[debug] [2026-02-21T15:47:28.794Z] > authorizing via signed-in user (03.vutheanh.11a1@gmail.com)
[debug] [2026-02-21T15:47:28.794Z] [iam] checking project web-message-e1dc4 for permissions ["firebase.projects.get"]
[debug] [2026-02-21T15:47:28.795Z] Checked if tokens are valid: false, expires at: 1771682132258
[debug] [2026-02-21T15:47:28.795Z] Checked if tokens are valid: false, expires at: 1771682132258
[debug] [2026-02-21T15:47:28.795Z] > refreshing access token with scopes: []
[debug] [2026-02-21T15:47:28.797Z] >>> [apiv2][query] POST https://www.googleapis.com/oauth2/v3/token [none]
[debug] [2026-02-21T15:47:28.797Z] >>> [apiv2][body] POST https://www.googleapis.com/oauth2/v3/token [omitted]
[debug] [2026-02-21T15:47:28.913Z] <<< [apiv2][status] POST https://www.googleapis.com/oauth2/v3/token 200
[debug] [2026-02-21T15:47:28.914Z] <<< [apiv2][body] POST https://www.googleapis.com/oauth2/v3/token [omitted]
[debug] [2026-02-21T15:47:28.923Z] >>> [apiv2][query] POST https://cloudresourcemanager.googleapis.com/v1/projects/web-message-e1dc4:testIamPermissions [none]
[debug] [2026-02-21T15:47:28.924Z] >>> [apiv2][(partial)header] POST https://cloudresourcemanager.googleapis.com/v1/projects/web-message-e1dc4:testIamPermissions  x-goog-user-project=web-message-e1dc4
[debug] [2026-02-21T15:47:28.924Z] >>> [apiv2][body] POST https://cloudresourcemanager.googleapis.com/v1/projects/web-message-e1dc4:testIamPermissions {"permissions":["firebase.projects.get"]}
[debug] [2026-02-21T15:47:29.557Z] <<< [apiv2][status] POST https://cloudresourcemanager.googleapis.com/v1/projects/web-message-e1dc4:testIamPermissions 200
[debug] [2026-02-21T15:47:29.557Z] <<< [apiv2][body] POST https://cloudresourcemanager.googleapis.com/v1/projects/web-message-e1dc4:testIamPermissions {"permissions":["firebase.projects.get"]}
[debug] [2026-02-21T15:47:29.558Z] Checked if tokens are valid: true, expires at: 1771692447914
[debug] [2026-02-21T15:47:29.558Z] Checked if tokens are valid: true, expires at: 1771692447914
[debug] [2026-02-21T15:47:29.558Z] >>> [apiv2][query] GET https://serviceusage.googleapis.com/v1/projects/web-message-e1dc4/services/cloudresourcemanager.googleapis.com [none]
[debug] [2026-02-21T15:47:29.558Z] >>> [apiv2][(partial)header] GET https://serviceusage.googleapis.com/v1/projects/web-message-e1dc4/services/cloudresourcemanager.googleapis.com  x-goog-user-project=web-message-e1dc4
[debug] [2026-02-21T15:47:30.640Z] <<< [apiv2][status] GET https://serviceusage.googleapis.com/v1/projects/web-message-e1dc4/services/cloudresourcemanager.googleapis.com 200
[debug] [2026-02-21T15:47:30.640Z] <<< [apiv2][body] GET https://serviceusage.googleapis.com/v1/projects/web-message-e1dc4/services/cloudresourcemanager.googleapis.com [omitted]
[debug] [2026-02-21T15:47:30.646Z] Checked if tokens are valid: true, expires at: 1771692447914
[debug] [2026-02-21T15:47:30.646Z] Checked if tokens are valid: true, expires at: 1771692447914
[debug] [2026-02-21T15:47:30.646Z] >>> [apiv2][query] GET https://cloudresourcemanager.googleapis.com/v1/projects/web-message-e1dc4 [none]
[debug] [2026-02-21T15:47:30.839Z] <<< [apiv2][status] GET https://cloudresourcemanager.googleapis.com/v1/projects/web-message-e1dc4 200
[debug] [2026-02-21T15:47:30.839Z] <<< [apiv2][body] GET https://cloudresourcemanager.googleapis.com/v1/projects/web-message-e1dc4 {"projectNumber":"1082665667898","projectId":"web-message-e1dc4","lifecycleState":"ACTIVE","name":"Web message","labels":{"firebase":"enabled","firebase-core":"disabled"},"createTime":"2026-02-21T11:11:57.196104Z"}
[debug] [2026-02-21T15:47:30.841Z] Checked if tokens are valid: true, expires at: 1771692447914
[debug] [2026-02-21T15:47:30.841Z] Checked if tokens are valid: true, expires at: 1771692447914
[debug] [2026-02-21T15:47:30.841Z] >>> [apiv2][query] GET https://firebasehosting.googleapis.com/v1beta1/projects/web-message-e1dc4/sites 
[debug] [2026-02-21T15:47:31.720Z] <<< [apiv2][status] GET https://firebasehosting.googleapis.com/v1beta1/projects/web-message-e1dc4/sites 200
[debug] [2026-02-21T15:47:31.720Z] <<< [apiv2][body] GET https://firebasehosting.googleapis.com/v1beta1/projects/web-message-e1dc4/sites {"sites":[{"name":"projects/web-message-e1dc4/sites/web-message-e1dc4","defaultUrl":"https://web-message-e1dc4.web.app","appId":"1:1082665667898:web:5f70b25e3f287cf9fa9403","type":"DEFAULT_SITE"}]}
[debug] [2026-02-21T15:47:31.720Z] Checked if tokens are valid: true, expires at: 1771692447914
[debug] [2026-02-21T15:47:31.720Z] Checked if tokens are valid: true, expires at: 1771692447914
[debug] [2026-02-21T15:47:31.720Z] >>> [apiv2][query] GET https://firebase.googleapis.com/v1beta1/projects/web-message-e1dc4/webApps/1:1082665667898:web:5f70b25e3f287cf9fa9403/config [none]
[debug] [2026-02-21T15:47:32.731Z] <<< [apiv2][status] GET https://firebase.googleapis.com/v1beta1/projects/web-message-e1dc4/webApps/1:1082665667898:web:5f70b25e3f287cf9fa9403/config 200
[debug] [2026-02-21T15:47:32.732Z] <<< [apiv2][body] GET https://firebase.googleapis.com/v1beta1/projects/web-message-e1dc4/webApps/1:1082665667898:web:5f70b25e3f287cf9fa9403/config {"projectId":"web-message-e1dc4","appId":"1:1082665667898:web:5f70b25e3f287cf9fa9403","databaseURL":"https://web-message-e1dc4-default-rtdb.firebaseio.com","storageBucket":"web-message-e1dc4.firebasestorage.app","apiKey":"AIzaSyAWA_4-Us4vSadUz6ka8JOSC5Zcr2n18bE","authDomain":"web-message-e1dc4.firebaseapp.com","messagingSenderId":"1082665667898","measurementId":"G-7320EYRBHL","projectNumber":"1082665667898","version":"2"}
[debug] [2026-02-21T15:47:32.739Z] Checked if tokens are valid: true, expires at: 1771692447914
[debug] [2026-02-21T15:47:32.739Z] Checked if tokens are valid: true, expires at: 1771692447914
[debug] [2026-02-21T15:47:32.739Z] >>> [apiv2][query] GET https://firebase.googleapis.com/v1beta1/projects/web-message-e1dc4 [none]
[debug] [2026-02-21T15:47:33.002Z] <<< [apiv2][status] GET https://firebase.googleapis.com/v1beta1/projects/web-message-e1dc4 200
[debug] [2026-02-21T15:47:33.002Z] <<< [apiv2][body] GET https://firebase.googleapis.com/v1beta1/projects/web-message-e1dc4 {"projectId":"web-message-e1dc4","projectNumber":"1082665667898","displayName":"Web message","name":"projects/web-message-e1dc4","resources":{"hostingSite":"web-message-e1dc4","realtimeDatabaseInstance":"web-message-e1dc4-default-rtdb"},"state":"ACTIVE","etag":"1_4ea4cbf6-ac36-45ed-9ba0-68ae17e70bf7"}
[info] +  hosting[web-message-e1dc4]: Local server: http://localhost:5000 {"metadata":{"emulator":{"name":"hosting"},"message":"Local server: \u001b[4m\u001b[1mhttp://localhost:5000\u001b[22m\u001b[24m"}}
[info] i  hosting: ::1 - - [21/Feb/2026:15:47:47 +0000] "GET / HTTP/1.1" 200 - "-" "Mozilla/5.0 (Windows NT 10.0; Win64; x64) AppleWebKit/537.36 (KHTML, like Gecko) Code/1.109.5 Chrome/142.0.7444.265 Electron/39.3.0 Safari/537.36" {"metadata":{"emulator":{"name":"hosting"},"message":"::1 - - [21/Feb/2026:15:47:47 +0000] \"GET / HTTP/1.1\" 200 - \"-\" \"Mozilla/5.0 (Windows NT 10.0; Win64; x64) AppleWebKit/537.36 (KHTML, like Gecko) Code/1.109.5 Chrome/142.0.7444.265 Electron/39.3.0 Safari/537.36\""}}
[info] i  hosting: ::1 - - [21/Feb/2026:15:47:47 +0000] "GET /style.css HTTP/1.1" 200 - "http://localhost:5000/" "Mozilla/5.0 (Windows NT 10.0; Win64; x64) AppleWebKit/537.36 (KHTML, like Gecko) Code/1.109.5 Chrome/142.0.7444.265 Electron/39.3.0 Safari/537.36" {"metadata":{"emulator":{"name":"hosting"},"message":"::1 - - [21/Feb/2026:15:47:47 +0000] \"GET /style.css HTTP/1.1\" 200 - \"http://localhost:5000/\" \"Mozilla/5.0 (Windows NT 10.0; Win64; x64) AppleWebKit/537.36 (KHTML, like Gecko) Code/1.109.5 Chrome/142.0.7444.265 Electron/39.3.0 Safari/537.36\""}}
[info] i  hosting: ::1 - - [21/Feb/2026:15:47:47 +0000] "GET /app.js HTTP/1.1" 200 - "http://localhost:5000/" "Mozilla/5.0 (Windows NT 10.0; Win64; x64) AppleWebKit/537.36 (KHTML, like Gecko) Code/1.109.5 Chrome/142.0.7444.265 Electron/39.3.0 Safari/537.36" {"metadata":{"emulator":{"name":"hosting"},"message":"::1 - - [21/Feb/2026:15:47:47 +0000] \"GET /app.js HTTP/1.1\" 200 - \"http://localhost:5000/\" \"Mozilla/5.0 (Windows NT 10.0; Win64; x64) AppleWebKit/537.36 (KHTML, like Gecko) Code/1.109.5 Chrome/142.0.7444.265 Electron/39.3.0 Safari/537.36\""}}
[info] i  hosting: ::1 - - [21/Feb/2026:15:47:47 +0000] "GET /firebase-config.js HTTP/1.1" 200 - "http://localhost:5000/app.js" "Mozilla/5.0 (Windows NT 10.0; Win64; x64) AppleWebKit/537.36 (KHTML, like Gecko) Code/1.109.5 Chrome/142.0.7444.265 Electron/39.3.0 Safari/537.36" {"metadata":{"emulator":{"name":"hosting"},"message":"::1 - - [21/Feb/2026:15:47:47 +0000] \"GET /firebase-config.js HTTP/1.1\" 200 - \"http://localhost:5000/app.js\" \"Mozilla/5.0 (Windows NT 10.0; Win64; x64) AppleWebKit/537.36 (KHTML, like Gecko) Code/1.109.5 Chrome/142.0.7444.265 Electron/39.3.0 Safari/537.36\""}}
[info] i  hosting: ::1 - - [21/Feb/2026:15:47:47 +0000] "GET /favicon.ico HTTP/1.1" 404 150 "-" "Mozilla/5.0 (Windows NT 10.0; Win64; x64) AppleWebKit/537.36 (KHTML, like Gecko) Code/1.109.5 Chrome/142.0.7444.265 Electron/39.3.0 Safari/537.36" {"metadata":{"emulator":{"name":"hosting"},"message":"::1 - - [21/Feb/2026:15:47:47 +0000] \"GET /favicon.ico HTTP/1.1\" 404 150 \"-\" \"Mozilla/5.0 (Windows NT 10.0; Win64; x64) AppleWebKit/537.36 (KHTML, like Gecko) Code/1.109.5 Chrome/142.0.7444.265 Electron/39.3.0 Safari/537.36\""}}
